
TBD919740 000:000 SEGGER J-Link V4.80e Log File (0000ms, 0000ms total)
TBD919740 000:000 DLL Compiled: Jan 31 2014 18:14:04 (0000ms, 0000ms total)
TBD919740 000:000 Logging started @ 2014-09-21 00:36 (0000ms, 0000ms total)
TBD919740 000:000 JLINK_SetWarnOutHandler(...) (0000ms, 0000ms total)
TBD919740 000:000 JLINK_SelectUSB(Port = 0)  returns 0x00 (0000ms, 0000ms total)
TBD919740 000:000 JLINK_OpenEx(...)
Firmware: J-Link ARM V8 compiled Nov 25 2013 19:20:08
Hardware: V8.00
S/N: 11111118  returns O.K. (0330ms, 0330ms total)
TBD919740 000:330 JLINK_SetErrorOutHandler(...) (0000ms, 0330ms total)
TBD919740 000:330 JLINK_EnableLog(...) (0000ms, 0330ms total)
TBD919740 000:330 JLINK_SetInitRegsOnReset(OFF)  returns 0x01 (0000ms, 0330ms total)
TBD919740 000:330 JLINK_GetDLLVersion()  returns 48005 (0000ms, 0330ms total)
TBD919740 000:330 JLINK_GetCompileDateTime() (0000ms, 0330ms total)
TBD919740 000:330 JLINK_GetFirmwareString(...) (0000ms, 0330ms total)
TBD919740 000:330 JLINK_GetHardwareVersion()  returns 0x13880 (0000ms, 0330ms total)
TBD919740 000:330 JLINK_EMU_HasCapEx(0x00000026)  returns 0x00 (0000ms, 0330ms total)
TBD919740 000:330 JLINK_EMU_GetProductId() (0000ms, 0330ms total)
TBD919740 000:330 JLINK_GetHardwareVersion()  returns 0x13880 (0000ms, 0330ms total)
TBD919740 000:330 JLINK_GetFirmwareString(...) (0000ms, 0330ms total)
TBD919740 000:330 JLINK_GetEmuCaps()  returns 0xB9FF7BBF (0000ms, 0330ms total)
TBD919740 000:330 JLINK_GetEmuCaps()  returns 0xB9FF7BBF (0000ms, 0330ms total)
TBD919740 000:330 JLINK_GetHWStatus(...)  returns 0x00 (0000ms, 0330ms total)
TBD919740 000:330 JLINK_SetSpeed(100) (0001ms, 0331ms total)
TBD919740 000:331 JLINK_GetEmuCaps()  returns 0xB9FF7BBF (0000ms, 0331ms total)
TBD919740 000:331 JLINK_TIF_GetAvailable(...) (0000ms, 0331ms total)
TBD919740 000:331 JLINK_Connect() >0x108 TIF>Found SWD-DP with ID 0x2BA01477 >0x0D TIF> >0x21 TIF> >0x0D TIF> >0x28 TIF> >0x0D TIF> >0x28 TIF> >0x0D TIF> >0x21 TIF> >0x0D TIF> >0x28 TIF> >0x0D TIF> >0x21 TIF> >0x0D TIF> >0x21 TIF> >0x0D TIF> >0x21 TIF> >0x0D TIF> >0x21 TIF> >0x0D TIF> >0x28 TIF> >0x0D TIF> >0x28 TIF> >0x0D TIF> >0x21 TIF> >0x0D TIF> >0x28 TIF> >0x0D TIF> >0x28 TIF> >0x0D TIF> >0x28 TIF> >0x0D TIF> >0x21 TIF> >0x0D TIF> >0x21 TIF> >0x0D TIF> >0x28 TIF> >0x0D TIF> >0x21 TIF> >0x0D TIF>
 >0x21 TIF>Found Cortex-M3 r2p0, Little endian. -- CPU_WriteMem(4 bytes @ 0xE0002000) -- CPU_ReadMem(4 bytes @ 0xE000EDF0) -- CPU_ReadMem(4 bytes @ 0xE0002000)FPUnit: 6 code (BP) slots and 2 literal slots -- CPU_ReadMem(4 bytes @ 0xE000EDFC) -- CPU_ReadMem(4 bytes @ 0xE0001000) -- CPU_WriteMem(4 bytes @ 0xE0001000) -- CPU_ReadMem(4 bytes @ 0xE00FF010)TPIU fitted. -- CPU_ReadMem(4 bytes @ 0xE00FF014)ETM fitted. -- CPU_ReadMem(4 bytes @ 0xE00FF018)  returns 0x00 (0070ms, 0401ms total)
TBD919740 000:401 JLINK_GetIdData(...) >0x0D TIF> >0x21 TIF> ScanLen=4 NumDevices=1 aId[0]=0x2BA01477 aIrRead[0]=0 aScanLen[0]=0 aScanRead[0]=0 (0001ms, 0402ms total)
TBD919740 000:402 JLINK_JTAG_GetDeviceID(DeviceIndex = 0)  returns 0x00 (0000ms, 0402ms total)
TBD919740 000:402 JLINK_GetDeviceFamily()  returns 3 (0000ms, 0402ms total)
TBD919740 000:402 JLINK_GetDeviceFamily()  returns 3 (0000ms, 0402ms total)
TBD919740 000:403 JLINK_GetDeviceFamily()  returns 3 (0000ms, 0403ms total)
TBD919740 000:403 JLINK_GetDeviceFamily()  returns 3 (0000ms, 0403ms total)
TBD919740 000:403 JLINK_SetSpeed(100) (0000ms, 0403ms total)
TBD919740 000:403 JLINK_GetHWStatus(...)  returns 0x00 (0000ms, 0403ms total)
TBD919740 000:403 JLINK_GetSpeedInfo() 4000000 Hz / n, n >= 1 (0000ms, 0403ms total)
TBD919740 000:403 JLINK_MeasureRTCKReactTime() (0000ms, 0403ms total)
TBD919740 000:403 JLINK_GetSpeed()  returns 0x64 (0000ms, 0403ms total)
